+ set -euo pipefail
++ readlink -f scripts/task.sh
+ _REAL_SCRIPT='/home/oboda/Projects/Task-Specialist Skill/scripts/task.sh'
++ dirname '/home/oboda/Projects/Task-Specialist Skill/scripts/task.sh'
+ _SCRIPT_DIR='/home/oboda/Projects/Task-Specialist Skill/scripts'
+ DB='/home/oboda/Projects/Task-Specialist Skill/.tasks.db'
+ '[' 2 -eq 0 ']'
+ ensure_db
+ '[' '!' -f '/home/oboda/Projects/Task-Specialist Skill/.tasks.db' ']'
+ local has_project
++ sqlite3 -batch '/home/oboda/Projects/Task-Specialist Skill/.tasks.db' 'SELECT COUNT(*) FROM pragma_table_info('\''tasks'\'') WHERE name='\''project'\'';'
+ has_project=1
+ '[' 1 -eq 0 ']'
+ case "$1" in
+ shift
+ cmd_create 'Local Test'
+ local desc= priority= parent= project=
+ '[' 1 -gt 0 ']'
+ case "$1" in
+ desc='Local Test'
+ shift
+ '[' 0 -gt 0 ']'
+ '[' -z 'Local Test' ']'
+ '[' -n '' ']'
+ '[' -n '' ']'
+ '[' -z '' ']'
+ priority=5
+ require_int 5 --priority
+ local val=5
+ local name=--priority
+ [[ 5 =~ ^[0-9]+$ ]]
+ '[' 5 -lt 1 ']'
+ '[' 5 -gt 10 ']'
+ '[' -n '' ']'
+ local parent_val=NULL
+ '[' -n '' ']'
+ local project_val=NULL
+ '[' -n '' ']'
+ local safe_desc
++ printf %s 'Local Test'
++ sed 's/'\''/'\'''\''/g'
+ safe_desc='Local Test'
+ local task_id
++ sql $'INSERT INTO tasks (request_text, project, status, priority, parent_id, created_at, last_updated)\n    VALUES (\'Local Test\', NULL, \'pending\', 5, NULL, datetime(\'now\'), datetime(\'now\'));\n    SELECT last_insert_rowid();'
++ local _tmpf
+++ mktemp
++ _tmpf=/tmp/tmp.pjda2KaCbh
++ printf '%s\n' $'INSERT INTO tasks (request_text, project, status, priority, parent_id, created_at, last_updated)\n    VALUES (\'Local Test\', NULL, \'pending\', 5, NULL, datetime(\'now\'), datetime(\'now\'));\n    SELECT last_insert_rowid();'
++ sqlite3 -batch '/home/oboda/Projects/Task-Specialist Skill/.tasks.db'
++ local _rc=0
++ rm -f /tmp/tmp.pjda2KaCbh
++ return 0
+ task_id=1
+ ok 'Created task #1: Local Test (priority=5)'
+ printf '\033[1;32m✓\033[0m %s\n' 'Created task #1: Local Test (priority=5)'
[1;32m✓[0m Created task #1: Local Test (priority=5)
+ echo 1
1
